
*** Running vivado
    with args -log transcodeur_7_seg.vdi -applog -m64 -messageDb vivado.pb -mode batch -source transcodeur_7_seg.tcl -notrace


****** Vivado v2014.2 (64-bit)
  **** SW Build 932637 on Wed Jun 11 13:33:10 MDT 2014
  **** IP Build 924643 on Fri May 30 09:20:16 MDT 2014
    ** Copyright 1986-2014 Xilinx, Inc. All Rights Reserved.

source transcodeur_7_seg.tcl -notrace
Design is defaulting to srcset: sources_1
Design is defaulting to constrset: constrs_1
INFO: [Netlist 29-17] Analyzing 66 Unisim elements for replacement
INFO: [Netlist 29-28] Unisim Transformation completed in 0 CPU seconds
INFO: [Project 1-479] Netlist was created with Vivado 2014.2
Loading clock regions from C:/Xilinx/Vivado/2014.2/data\parts/xilinx/artix7/artix7/xc7a35t/ClockRegion.xml
Loading clock buffers from C:/Xilinx/Vivado/2014.2/data\parts/xilinx/artix7/artix7/xc7a35t/ClockBuffers.xml
Loading clock placement rules from C:/Xilinx/Vivado/2014.2/data/parts/xilinx/artix7/ClockPlacerRules.xml
Loading package pin functions from C:/Xilinx/Vivado/2014.2/data\parts/xilinx/artix7/PinFunctions.xml...
Loading package from C:/Xilinx/Vivado/2014.2/data\parts/xilinx/artix7/artix7/xc7a35t/cpg236/Package.xml
Loading io standards from C:/Xilinx/Vivado/2014.2/data\./parts/xilinx/artix7/IOStandards.xml
Loading device configuration modes from C:/Xilinx/Vivado/2014.2/data\parts/xilinx/artix7/ConfigModes.xml
INFO: [Opt 31-140] Inserted 0 IBUFs to IO ports without IO buffers.
INFO: [Opt 31-141] Inserted 0 OBUFs to IO ports without IO buffers.
Parsing XDC File [C:/Users/Pierre-Olivier/Documents/GitHub/Projet_horloge/project_H/project_H.srcs/constrs_1/imports/contrainte/decodeur_hexa_7seg.xdc]
Finished Parsing XDC File [C:/Users/Pierre-Olivier/Documents/GitHub/Projet_horloge/project_H/project_H.srcs/constrs_1/imports/contrainte/decodeur_hexa_7seg.xdc]
INFO: [Opt 31-138] Pushed 0 inverter(s) to 0 load pin(s).
INFO: [Project 1-111] Unisim Transformation Summary:
No Unisim elements were transformed.

Command: opt_design
Attempting to get a license for feature 'Implementation' and/or device 'xc7a35t'
INFO: [Common 17-349] Got license for feature 'Implementation' and/or device 'xc7a35t'
Running DRC as a precondition to command opt_design

Starting DRC Task
INFO: [Drc 23-27] Running DRC with 2 threads
INFO: [Project 1-461] DRC finished with 0 Errors
INFO: [Project 1-462] Please refer to the DRC report (report_drc) for more information.

Time (s): cpu = 00:00:00 ; elapsed = 00:00:00.048 . Memory (MB): peak = 422.188 ; gain = 2.234
INFO: [Timing 38-35] Done setting XDC timing constraints.

Starting Logic Optimization Task

Phase 1 Retarget

INFO: [Opt 31-138] Pushed 0 inverter(s) to 0 load pin(s).
INFO: [Opt 31-49] Retargeted 0 cell(s).
Phase 1 Retarget | Checksum: 128552794

Time (s): cpu = 00:00:00 ; elapsed = 00:00:00.008 . Memory (MB): peak = 838.090 ; gain = 0.000

Phase 2 Constant Propagation
INFO: [Opt 31-138] Pushed 0 inverter(s) to 0 load pin(s).
INFO: [Opt 31-10] Eliminated 52 cells.
Phase 2 Constant Propagation | Checksum: 17d0cdf79

Time (s): cpu = 00:00:00 ; elapsed = 00:00:00.030 . Memory (MB): peak = 838.090 ; gain = 0.000

Phase 3 Sweep
INFO: [Opt 31-12] Eliminated 194 unconnected nets.
INFO: [Opt 31-140] Inserted 0 IBUFs to IO ports without IO buffers.
INFO: [Opt 31-141] Inserted 0 OBUFs to IO ports without IO buffers.
INFO: [Opt 31-11] Eliminated 0 unconnected cells.
Phase 3 Sweep | Checksum: f3a1e55e

Time (s): cpu = 00:00:00 ; elapsed = 00:00:00.059 . Memory (MB): peak = 838.090 ; gain = 0.000
Ending Logic Optimization Task | Checksum: f3a1e55e

Time (s): cpu = 00:00:00 ; elapsed = 00:00:00.061 . Memory (MB): peak = 838.090 ; gain = 0.000
Implement Debug Cores | Checksum: 128552794
Logic Optimization | Checksum: 128552794

Starting Power Optimization Task
INFO: [Pwropt 34-132] Will skip clock gating for clocks with period < 3.13 ns.
Ending Power Optimization Task | Checksum: f3a1e55e

Time (s): cpu = 00:00:00 ; elapsed = 00:00:00.004 . Memory (MB): peak = 838.090 ; gain = 0.000
INFO: [Common 17-83] Releasing license: Implementation
22 Infos, 0 Warnings, 0 Critical Warnings and 0 Errors encountered.
opt_design completed successfully
opt_design: Time (s): cpu = 00:00:08 ; elapsed = 00:00:08 . Memory (MB): peak = 838.090 ; gain = 418.137
Writing XDEF routing.
Writing XDEF routing logical nets.
Writing XDEF routing special nets.
Write XDEF Complete: Time (s): cpu = 00:00:00 ; elapsed = 00:00:00.068 . Memory (MB): peak = 838.090 ; gain = 0.000
Command: place_design
Attempting to get a license for feature 'Implementation' and/or device 'xc7a35t'
INFO: [Common 17-349] Got license for feature 'Implementation' and/or device 'xc7a35t'
Running DRC as a precondition to command place_design
INFO: [Drc 23-27] Running DRC with 2 threads
INFO: [Vivado_Tcl 4-198] DRC finished with 0 Errors
INFO: [Vivado_Tcl 4-199] Please refer to the DRC report (report_drc) for more information.

Starting Placer Task
INFO: [Place 30-611] Multithreading enabled for place_design using a maximum of 2 CPUs

Phase 1 Placer Runtime Estimator
Phase 1 Placer Runtime Estimator | Checksum: d308a58c

Time (s): cpu = 00:00:00 ; elapsed = 00:00:00.018 . Memory (MB): peak = 838.090 ; gain = 0.000

Phase 2 Placer Initialization

Phase 2.1 Placer Initialization Core
Netlist sorting complete. Time (s): cpu = 00:00:00 ; elapsed = 00:00:00 . Memory (MB): peak = 838.090 ; gain = 0.000

Phase 2.1.1 Mandatory Logic Optimization
Netlist sorting complete. Time (s): cpu = 00:00:00 ; elapsed = 00:00:00 . Memory (MB): peak = 838.090 ; gain = 0.000
Phase 2.1.1 Mandatory Logic Optimization | Checksum: 4dcd2513

Time (s): cpu = 00:00:00 ; elapsed = 00:00:00.019 . Memory (MB): peak = 838.090 ; gain = 0.000

Phase 2.1.2 Build Super Logic Region (SLR) Database
Phase 2.1.2 Build Super Logic Region (SLR) Database | Checksum: 4dcd2513

Time (s): cpu = 00:00:00 ; elapsed = 00:00:00.025 . Memory (MB): peak = 838.090 ; gain = 0.000

Phase 2.1.3 Add Constraints
Phase 2.1.3 Add Constraints | Checksum: 4dcd2513

Time (s): cpu = 00:00:00 ; elapsed = 00:00:00.026 . Memory (MB): peak = 838.090 ; gain = 0.000

Phase 2.1.4 Build Shapes/ HD Config

Phase 2.1.4.1 Build Macros
Phase 2.1.4.1 Build Macros | Checksum: db478cc9

Time (s): cpu = 00:00:00 ; elapsed = 00:00:00.049 . Memory (MB): peak = 838.090 ; gain = 0.000
Phase 2.1.4 Build Shapes/ HD Config | Checksum: db478cc9

Time (s): cpu = 00:00:00 ; elapsed = 00:00:00.049 . Memory (MB): peak = 838.090 ; gain = 0.000

Phase 2.1.5 IO Placement/ Clock Placement/ Build Placer Device

Phase 2.1.5.1 Pre-Place Cells
Phase 2.1.5.1 Pre-Place Cells | Checksum: 4dcd2513

Time (s): cpu = 00:00:00 ; elapsed = 00:00:00.051 . Memory (MB): peak = 838.090 ; gain = 0.000
INFO: [Timing 38-35] Done setting XDC timing constraints.

Phase 2.1.5.2 IO & Clk Clean Up
Phase 2.1.5.2 IO & Clk Clean Up | Checksum: 4dcd2513

Time (s): cpu = 00:00:01 ; elapsed = 00:00:00.161 . Memory (MB): peak = 838.090 ; gain = 0.000

Phase 2.1.5.3 Implementation Feasibility check On IDelay
Phase 2.1.5.3 Implementation Feasibility check On IDelay | Checksum: 4dcd2513

Time (s): cpu = 00:00:01 ; elapsed = 00:00:00.162 . Memory (MB): peak = 838.090 ; gain = 0.000

Phase 2.1.5.4 Commit IO Placement
Phase 2.1.5.4 Commit IO Placement | Checksum: c5b73f19

Time (s): cpu = 00:00:01 ; elapsed = 00:00:00.162 . Memory (MB): peak = 838.090 ; gain = 0.000
Phase 2.1.5 IO Placement/ Clock Placement/ Build Placer Device | Checksum: 15331a6cf

Time (s): cpu = 00:00:01 ; elapsed = 00:00:00.163 . Memory (MB): peak = 838.090 ; gain = 0.000

Phase 2.1.6 Build Placer Netlist Model

Phase 2.1.6.1 Place Init Design
Phase 2.1.6.1 Place Init Design | Checksum: 1da0d3c21

Time (s): cpu = 00:00:01 ; elapsed = 00:00:00.185 . Memory (MB): peak = 838.090 ; gain = 0.000
Phase 2.1.6 Build Placer Netlist Model | Checksum: 1da0d3c21

Time (s): cpu = 00:00:01 ; elapsed = 00:00:00.186 . Memory (MB): peak = 838.090 ; gain = 0.000

Phase 2.1.7 Constrain Clocks/Macros

Phase 2.1.7.1 Constrain Global/Regional Clocks
Phase 2.1.7.1 Constrain Global/Regional Clocks | Checksum: 1da0d3c21

Time (s): cpu = 00:00:01 ; elapsed = 00:00:00.188 . Memory (MB): peak = 838.090 ; gain = 0.000
Phase 2.1.7 Constrain Clocks/Macros | Checksum: 1da0d3c21

Time (s): cpu = 00:00:01 ; elapsed = 00:00:00.188 . Memory (MB): peak = 838.090 ; gain = 0.000
Phase 2.1 Placer Initialization Core | Checksum: 1da0d3c21

Time (s): cpu = 00:00:01 ; elapsed = 00:00:00.189 . Memory (MB): peak = 838.090 ; gain = 0.000
Phase 2 Placer Initialization | Checksum: 1da0d3c21

Time (s): cpu = 00:00:01 ; elapsed = 00:00:00.189 . Memory (MB): peak = 838.090 ; gain = 0.000

Phase 3 Global Placement
Phase 3 Global Placement | Checksum: 1bd88099c

Time (s): cpu = 00:00:01 ; elapsed = 00:00:00.350 . Memory (MB): peak = 838.090 ; gain = 0.000

Phase 4 Detail Placement

Phase 4.1 Commit Multi Column Macros
Phase 4.1 Commit Multi Column Macros | Checksum: 1bd88099c

Time (s): cpu = 00:00:01 ; elapsed = 00:00:00.352 . Memory (MB): peak = 838.090 ; gain = 0.000

Phase 4.2 Commit Most Macros & LUTRAMs
Phase 4.2 Commit Most Macros & LUTRAMs | Checksum: e2d65e8c

Time (s): cpu = 00:00:01 ; elapsed = 00:00:00.375 . Memory (MB): peak = 838.090 ; gain = 0.000

Phase 4.3 Area Swap Optimization
Phase 4.3 Area Swap Optimization | Checksum: 10c124bdc

Time (s): cpu = 00:00:01 ; elapsed = 00:00:00.386 . Memory (MB): peak = 838.090 ; gain = 0.000

Phase 4.4 Commit Small Macros & Core Logic
Phase 4.4 Commit Small Macros & Core Logic | Checksum: ce01aaff

Time (s): cpu = 00:00:01 ; elapsed = 00:00:00.466 . Memory (MB): peak = 838.090 ; gain = 0.000

Phase 4.5 Re-assign LUT pins
Phase 4.5 Re-assign LUT pins | Checksum: ce01aaff

Time (s): cpu = 00:00:01 ; elapsed = 00:00:00.482 . Memory (MB): peak = 838.090 ; gain = 0.000
Phase 4 Detail Placement | Checksum: ce01aaff

Time (s): cpu = 00:00:01 ; elapsed = 00:00:00.483 . Memory (MB): peak = 838.090 ; gain = 0.000

Phase 5 Post Placement Optimization and Clean-Up

Phase 5.1 PCOPT Shape updates
Phase 5.1 PCOPT Shape updates | Checksum: 1f3f3582e

Time (s): cpu = 00:00:01 ; elapsed = 00:00:00.485 . Memory (MB): peak = 838.090 ; gain = 0.000

Phase 5.2 Post Placement Cleanup
Phase 5.2 Post Placement Cleanup | Checksum: 1f3f3582e

Time (s): cpu = 00:00:01 ; elapsed = 00:00:00.486 . Memory (MB): peak = 838.090 ; gain = 0.000

Phase 5.3 Placer Reporting
Phase 5.3 Placer Reporting | Checksum: 1f3f3582e

Time (s): cpu = 00:00:01 ; elapsed = 00:00:00.487 . Memory (MB): peak = 838.090 ; gain = 0.000

Phase 5.4 Final Placement Cleanup
Phase 5.4 Final Placement Cleanup | Checksum: 199578044

Time (s): cpu = 00:00:01 ; elapsed = 00:00:00.488 . Memory (MB): peak = 838.090 ; gain = 0.000
Phase 5 Post Placement Optimization and Clean-Up | Checksum: 199578044

Time (s): cpu = 00:00:01 ; elapsed = 00:00:00.488 . Memory (MB): peak = 838.090 ; gain = 0.000
Ending Placer Task | Checksum: afd9ae50

Time (s): cpu = 00:00:00 ; elapsed = 00:00:00.491 . Memory (MB): peak = 838.090 ; gain = 0.000
INFO: [Common 17-83] Releasing license: Implementation
29 Infos, 0 Warnings, 0 Critical Warnings and 0 Errors encountered.
place_design completed successfully
Writing XDEF routing.
Writing XDEF routing logical nets.
Writing XDEF routing special nets.
Write XDEF Complete: Time (s): cpu = 00:00:00 ; elapsed = 00:00:00.083 . Memory (MB): peak = 845.059 ; gain = 6.969
report_utilization: Time (s): cpu = 00:00:00 ; elapsed = 00:00:00.041 . Memory (MB): peak = 849.164 ; gain = 0.000
Command: route_design
Attempting to get a license for feature 'Implementation' and/or device 'xc7a35t'
INFO: [Common 17-349] Got license for feature 'Implementation' and/or device 'xc7a35t'
Running DRC as a precondition to command route_design
INFO: [Drc 23-27] Running DRC with 2 threads
INFO: [Vivado_Tcl 4-198] DRC finished with 0 Errors
INFO: [Vivado_Tcl 4-199] Please refer to the DRC report (report_drc) for more information.


Starting Routing Task
INFO: [Route 35-254] Multithreading enabled for route_design using a maximum of 2 CPUs

Starting Route Task

Phase 1 Build RT Design
Phase 1 Build RT Design | Checksum: b48aeeeb

Time (s): cpu = 00:00:15 ; elapsed = 00:00:14 . Memory (MB): peak = 978.207 ; gain = 120.629

Phase 2 Router Initialization
INFO: [Route 35-64] No timing constraints were detected. The router will operate in resource-optimization mode.
 Number of Nodes with overlaps = 0
Phase 2 Router Initialization | Checksum: aaa3caa3

Time (s): cpu = 00:00:15 ; elapsed = 00:00:14 . Memory (MB): peak = 988.211 ; gain = 130.633

Phase 3 Initial Routing
Phase 3 Initial Routing | Checksum: 196546033

Time (s): cpu = 00:00:15 ; elapsed = 00:00:14 . Memory (MB): peak = 988.211 ; gain = 130.633

Phase 4 Rip-up And Reroute

Phase 4.1 Global Iteration 0
 Number of Nodes with overlaps = 16
 Number of Nodes with overlaps = 0
Phase 4.1 Global Iteration 0 | Checksum: 1c5fe48c9

Time (s): cpu = 00:00:15 ; elapsed = 00:00:14 . Memory (MB): peak = 988.211 ; gain = 130.633
Phase 4 Rip-up And Reroute | Checksum: 1c5fe48c9

Time (s): cpu = 00:00:15 ; elapsed = 00:00:14 . Memory (MB): peak = 988.211 ; gain = 130.633

Phase 5 Post Hold Fix
Phase 5 Post Hold Fix | Checksum: 1c5fe48c9

Time (s): cpu = 00:00:15 ; elapsed = 00:00:14 . Memory (MB): peak = 988.211 ; gain = 130.633

Phase 6 Route finalize

Router Utilization Summary
  Global Vertical Routing Utilization    = 0.0653751 %
  Global Horizontal Routing Utilization  = 0.100859 %
  Routable Net Status*
  *Does not include unroutable nets such as driverless and loadless.
  Run report_route_status for detailed report.
  Number of Failed Nets               = 0
  Number of Unrouted Nets             = 0
  Number of Partially Routed Nets     = 0
  Number of Node Overlaps             = 0

Congestion Report
North Dir 1x1 Area, Max Cong = 16.2162%, No Congested Regions.
South Dir 1x1 Area, Max Cong = 19.8198%, No Congested Regions.
East Dir 1x1 Area, Max Cong = 26.4706%, No Congested Regions.
West Dir 1x1 Area, Max Cong = 17.6471%, No Congested Regions.
Phase 6 Route finalize | Checksum: 1c5fe48c9

Time (s): cpu = 00:00:15 ; elapsed = 00:00:14 . Memory (MB): peak = 988.211 ; gain = 130.633

Phase 7 Verifying routed nets

 Verification completed successfully
Phase 7 Verifying routed nets | Checksum: 1c5fe48c9

Time (s): cpu = 00:00:15 ; elapsed = 00:00:14 . Memory (MB): peak = 988.211 ; gain = 130.633

Phase 8 Depositing Routes
Phase 8 Depositing Routes | Checksum: 1b8e21703

Time (s): cpu = 00:00:15 ; elapsed = 00:00:14 . Memory (MB): peak = 988.211 ; gain = 130.633
INFO: [Route 35-16] Router Completed Successfully
Ending Route Task | Checksum: 1b8e21703

Time (s): cpu = 00:00:00 ; elapsed = 00:00:14 . Memory (MB): peak = 988.211 ; gain = 130.633

Routing Is Done.

Time (s): cpu = 00:00:00 ; elapsed = 00:00:14 . Memory (MB): peak = 988.211 ; gain = 130.633
INFO: [Common 17-83] Releasing license: Implementation
37 Infos, 0 Warnings, 0 Critical Warnings and 0 Errors encountered.
route_design completed successfully
route_design: Time (s): cpu = 00:00:16 ; elapsed = 00:00:15 . Memory (MB): peak = 988.211 ; gain = 139.047
Writing XDEF routing.
Writing XDEF routing logical nets.
Writing XDEF routing special nets.
Write XDEF Complete: Time (s): cpu = 00:00:01 ; elapsed = 00:00:00.092 . Memory (MB): peak = 988.211 ; gain = 0.000
INFO: [Drc 23-27] Running DRC with 2 threads
INFO: [Coretcl 2-168] The results of DRC are in file C:/Users/Pierre-Olivier/Documents/GitHub/Projet_horloge/project_H/project_H.runs/impl_2/transcodeur_7_seg_drc_routed.rpt.
INFO: [Timing 38-91] UpdateTimingParams: Speed grade: -1, Delay Type: min_max, Constraints type: SDC.
INFO: [Timing 38-191] Multithreading enabled for timing update using a maximum of 2 CPUs
WARNING: [Power 33-232] No user defined clocks was found in the design!
Resolution: Please specify clocks using create_clock/create_generated_clock for sequential elements. For pure combinatorial circuits, please specify a virtual clock, otherwise the vectorless estimation might be inaccurate
Running Vector-less Activity Propagation...

Finished Running Vector-less Activity Propagation
Attempting to get a license for feature 'Implementation' and/or device 'xc7a35t'
INFO: [Common 17-349] Got license for feature 'Implementation' and/or device 'xc7a35t'
Running DRC as a precondition to command write_bitstream
INFO: [Drc 23-27] Running DRC with 2 threads
INFO: [Vivado 12-3199] DRC finished with 0 Errors, 1 Warnings
INFO: [Vivado 12-3200] Please refer to the DRC report (report_drc) for more information.
Loading data files...
Loading site data...
Loading route data...
Processing options...
Creating bitmap...
Creating bitstream...
Writing bitstream ./transcodeur_7_seg.bit...
INFO: [Vivado 12-1842] Bitgen Completed Successfully.
INFO: [Project 1-118] WebTalk data collection is enabled (User setting is ON. Install Setting is ON.).
INFO: [Common 17-185] WebTalk report has not been sent to Xilinx. Please check your network and proxy settings.
INFO: [Common 17-83] Releasing license: Implementation
write_bitstream: Time (s): cpu = 00:00:12 ; elapsed = 00:00:13 . Memory (MB): peak = 1326.305 ; gain = 331.242
INFO: [Common 17-206] Exiting Vivado at Tue Dec 15 18:45:41 2020...

*** Running vivado
    with args -log transcodeur_7_seg.vdi -applog -m64 -messageDb vivado.pb -mode batch -source transcodeur_7_seg.tcl -notrace


****** Vivado v2014.2 (64-bit)
  **** SW Build 932637 on Wed Jun 11 13:33:10 MDT 2014
  **** IP Build 924643 on Fri May 30 09:20:16 MDT 2014
    ** Copyright 1986-2014 Xilinx, Inc. All Rights Reserved.

source transcodeur_7_seg.tcl -notrace
Command: open_checkpoint transcodeur_7_seg_routed.dcp
INFO: [Netlist 29-17] Analyzing 66 Unisim elements for replacement
INFO: [Netlist 29-28] Unisim Transformation completed in 0 CPU seconds
INFO: [Project 1-479] Netlist was created with Vivado 2014.2
Loading clock regions from C:/Xilinx/Vivado/2014.2/data\parts/xilinx/artix7/artix7/xc7a35t/ClockRegion.xml
Loading clock buffers from C:/Xilinx/Vivado/2014.2/data\parts/xilinx/artix7/artix7/xc7a35t/ClockBuffers.xml
Loading clock placement rules from C:/Xilinx/Vivado/2014.2/data/parts/xilinx/artix7/ClockPlacerRules.xml
Loading package pin functions from C:/Xilinx/Vivado/2014.2/data\parts/xilinx/artix7/PinFunctions.xml...
Loading package from C:/Xilinx/Vivado/2014.2/data\parts/xilinx/artix7/artix7/xc7a35t/cpg236/Package.xml
Loading io standards from C:/Xilinx/Vivado/2014.2/data\./parts/xilinx/artix7/IOStandards.xml
Loading device configuration modes from C:/Xilinx/Vivado/2014.2/data\parts/xilinx/artix7/ConfigModes.xml
Parsing XDC File [C:/Users/Pierre-Olivier/Documents/GitHub/Projet_horloge/project_H/project_H.runs/impl_2/.Xil/Vivado-16676-POC/dcp/transcodeur_7_seg.xdc]
Finished Parsing XDC File [C:/Users/Pierre-Olivier/Documents/GitHub/Projet_horloge/project_H/project_H.runs/impl_2/.Xil/Vivado-16676-POC/dcp/transcodeur_7_seg.xdc]
Reading XDEF placement.
Reading XDEF routing.
Read XDEF File: Time (s): cpu = 00:00:00 ; elapsed = 00:00:00.029 . Memory (MB): peak = 420.793 ; gain = 0.000
Restoring placement.
Restored 125 out of 125 XDEF sites from archive | CPU: 0.000000 secs | Memory: 0.000000 MB |
INFO: [Opt 31-138] Pushed 0 inverter(s) to 0 load pin(s).
INFO: [Project 1-111] Unisim Transformation Summary:
No Unisim elements were transformed.

INFO: [Project 1-484] Checkpoint was created with build 932637
Attempting to get a license for feature 'Implementation' and/or device 'xc7a35t'
INFO: [Common 17-349] Got license for feature 'Implementation' and/or device 'xc7a35t'
Running DRC as a precondition to command write_bitstream
INFO: [Drc 23-27] Running DRC with 2 threads
INFO: [Vivado 12-3199] DRC finished with 0 Errors, 1 Warnings
INFO: [Vivado 12-3200] Please refer to the DRC report (report_drc) for more information.
Loading data files...
Loading site data...
Loading route data...
Processing options...
Creating bitmap...
Creating bitstream...
Writing bitstream ./transcodeur_7_seg.bit...
INFO: [Vivado 12-1842] Bitgen Completed Successfully.
INFO: [Project 1-118] WebTalk data collection is enabled (User setting is ON. Install Setting is ON.).
INFO: [Common 17-185] WebTalk report has not been sent to Xilinx. Please check your network and proxy settings.
INFO: [Common 17-83] Releasing license: Implementation
write_bitstream: Time (s): cpu = 00:00:17 ; elapsed = 00:00:17 . Memory (MB): peak = 768.539 ; gain = 347.746
INFO: [Common 17-206] Exiting Vivado at Tue Dec 15 18:47:03 2020...
